Started GET "/" for ::1 at 2022-02-22 09:46:17 -0300
  [1m[35m (2.2ms)[0m  [1m[34mSELECT sqlite_version(*)[0m
Processing by Rails::WelcomeController#index as HTML
  Rendering /home/matheusfbonfim/.rvm/gems/ruby-3.0.0/gems/railties-7.0.2.2/lib/rails/templates/rails/welcome/index.html.erb
  Rendered /home/matheusfbonfim/.rvm/gems/ruby-3.0.0/gems/railties-7.0.2.2/lib/rails/templates/rails/welcome/index.html.erb (Duration: 2.5ms | Allocations: 736)
Completed 200 OK in 41ms (Views: 25.8ms | ActiveRecord: 0.0ms | Allocations: 6950)


Started GET "/" for 127.0.0.1 at 2022-02-22 12:23:46 -0300
  [1m[35m (1.0ms)[0m  [1m[34mSELECT sqlite_version(*)[0m
Processing by Rails::WelcomeController#index as HTML
  Rendering /home/matheusfbonfim/.rvm/gems/ruby-3.0.0/gems/railties-7.0.2.2/lib/rails/templates/rails/welcome/index.html.erb
  Rendered /home/matheusfbonfim/.rvm/gems/ruby-3.0.0/gems/railties-7.0.2.2/lib/rails/templates/rails/welcome/index.html.erb (Duration: 4.5ms | Allocations: 632)
Completed 200 OK in 23ms (Views: 10.2ms | ActiveRecord: 0.0ms | Allocations: 5687)


  [1m[35m (0.4ms)[0m  [1m[34mSELECT sqlite_version(*)[0m
  [1m[35m (9.0ms)[0m  [1m[35mCREATE TABLE "schema_migrations" ("version" varchar NOT NULL PRIMARY KEY)[0m
  [1m[35m (4.3ms)[0m  [1m[35mCREATE TABLE "ar_internal_metadata" ("key" varchar NOT NULL PRIMARY KEY, "value" varchar, "created_at" datetime(6) NOT NULL, "updated_at" datetime(6) NOT NULL)[0m
  [1m[36mActiveRecord::InternalMetadata Load (0.4ms)[0m  [1m[34mSELECT "ar_internal_metadata".* FROM "ar_internal_metadata" WHERE "ar_internal_metadata"."key" = ? LIMIT ?[0m  [["key", "environment"], ["LIMIT", 1]]
  [1m[36mTRANSACTION (0.1ms)[0m  [1m[36mbegin transaction[0m
  [1m[36mActiveRecord::InternalMetadata Create (0.3ms)[0m  [1m[32mINSERT INTO "ar_internal_metadata" ("key", "value", "created_at", "updated_at") VALUES (?, ?, ?, ?)[0m  [["key", "environment"], ["value", "development"], ["created_at", "2022-02-22 16:30:26.461281"], ["updated_at", "2022-02-22 16:30:26.461281"]]
  [1m[36mTRANSACTION (3.8ms)[0m  [1m[36mcommit transaction[0m
  [1m[35m (0.1ms)[0m  [1m[34mSELECT sqlite_version(*)[0m
  [1m[36mActiveRecord::SchemaMigration Pluck (0.1ms)[0m  [1m[34mSELECT "schema_migrations"."version" FROM "schema_migrations" ORDER BY "schema_migrations"."version" ASC[0m
Started GET "/" for ::1 at 2022-02-22 15:10:52 -0300
  [1m[35m (0.6ms)[0m  [1m[34mSELECT sqlite_version(*)[0m
  [1m[36mActiveRecord::SchemaMigration Pluck (0.2ms)[0m  [1m[34mSELECT "schema_migrations"."version" FROM "schema_migrations" ORDER BY "schema_migrations"."version" ASC[0m
Processing by MarketListsController#index as HTML
  Rendering layout layouts/application.html.erb
  Rendering market_lists/index.html.erb within layouts/application
  Rendered market_lists/index.html.erb within layouts/application (Duration: 0.8ms | Allocations: 367)
  Rendered layout layouts/application.html.erb (Duration: 249.8ms | Allocations: 94895)
Completed 200 OK in 258ms (Views: 252.2ms | ActiveRecord: 0.0ms | Allocations: 100126)


Started GET "/market_list" for ::1 at 2022-02-22 15:12:48 -0300
  
ActionController::RoutingError (No route matches [GET] "/market_list"):
  
Started GET "/market_lists" for ::1 at 2022-02-22 15:12:53 -0300
Processing by MarketListsController#index as HTML
  Rendering layout layouts/application.html.erb
  Rendering market_lists/index.html.erb within layouts/application
  Rendered market_lists/index.html.erb within layouts/application (Duration: 0.3ms | Allocations: 15)
  Rendered layout layouts/application.html.erb (Duration: 18.0ms | Allocations: 2239)
Completed 200 OK in 24ms (Views: 21.7ms | ActiveRecord: 0.0ms | Allocations: 2564)


Started GET "/market_lists" for ::1 at 2022-02-22 15:54:49 -0300
  [1m[35m (0.8ms)[0m  [1m[34mSELECT sqlite_version(*)[0m
  [1m[36mActiveRecord::SchemaMigration Pluck (0.3ms)[0m  [1m[34mSELECT "schema_migrations"."version" FROM "schema_migrations" ORDER BY "schema_migrations"."version" ASC[0m
Processing by MarketListsController#index as HTML
  Rendering layout layouts/application.html.erb
  Rendering market_lists/index.html.erb within layouts/application
  Rendered market_lists/index.html.erb within layouts/application (Duration: 1.1ms | Allocations: 367)
  Rendered layout layouts/application.html.erb (Duration: 122.4ms | Allocations: 33974)
Completed 200 OK in 159ms (Views: 137.5ms | ActiveRecord: 0.0ms | Allocations: 39206)


  [1m[35m (0.4ms)[0m  [1m[34mSELECT sqlite_version(*)[0m
  [1m[36mActiveRecord::SchemaMigration Pluck (0.1ms)[0m  [1m[34mSELECT "schema_migrations"."version" FROM "schema_migrations" ORDER BY "schema_migrations"."version" ASC[0m
Migrating to CreateMarketLists (20220222191050)
  [1m[36mTRANSACTION (0.1ms)[0m  [1m[36mbegin transaction[0m
  [1m[35m (0.3ms)[0m  [1m[35mCREATE TABLE "market_lists" ("id" integer PRIMARY KEY AUTOINCREMENT NOT NULL, "name" varchar, "market_date" date NOT NULL, "created_at" datetime(6) NOT NULL, "updated_at" datetime(6) NOT NULL)[0m
  [1m[36mActiveRecord::SchemaMigration Create (0.6ms)[0m  [1m[32mINSERT INTO "schema_migrations" ("version") VALUES (?)[0m  [["version", "20220222191050"]]
  [1m[36mTRANSACTION (5.7ms)[0m  [1m[36mcommit transaction[0m
  [1m[36mActiveRecord::InternalMetadata Load (0.2ms)[0m  [1m[34mSELECT "ar_internal_metadata".* FROM "ar_internal_metadata" WHERE "ar_internal_metadata"."key" = ? LIMIT ?[0m  [["key", "environment"], ["LIMIT", 1]]
  [1m[35m (0.0ms)[0m  [1m[34mSELECT sqlite_version(*)[0m
  [1m[36mActiveRecord::SchemaMigration Pluck (0.2ms)[0m  [1m[34mSELECT "schema_migrations"."version" FROM "schema_migrations" ORDER BY "schema_migrations"."version" ASC[0m
Started GET "/" for ::1 at 2022-02-23 09:19:25 -0300
  [1m[35m (0.9ms)[0m  [1m[34mSELECT sqlite_version(*)[0m
  [1m[36mActiveRecord::SchemaMigration Pluck (0.1ms)[0m  [1m[34mSELECT "schema_migrations"."version" FROM "schema_migrations" ORDER BY "schema_migrations"."version" ASC[0m
Processing by MarketListsController#index as HTML
  Rendering layout layouts/application.html.erb
  Rendering market_lists/index.html.erb within layouts/application
  Rendered market_lists/index.html.erb within layouts/application (Duration: 21.6ms | Allocations: 515)
  Rendered layout layouts/application.html.erb (Duration: 218.1ms | Allocations: 34585)
Completed 200 OK in 248ms (Views: 239.8ms | ActiveRecord: 0.0ms | Allocations: 39818)


Started GET "/" for ::1 at 2022-02-23 09:20:02 -0300
Processing by MarketListsController#index as HTML
  Rendering layout layouts/application.html.erb
  Rendering market_lists/index.html.erb within layouts/application
  Rendered market_lists/index.html.erb within layouts/application (Duration: 3.4ms | Allocations: 199)
  Rendered layout layouts/application.html.erb (Duration: 13.5ms | Allocations: 2724)
Completed 200 OK in 24ms (Views: 22.2ms | ActiveRecord: 0.0ms | Allocations: 3746)


Started GET "/" for ::1 at 2022-02-23 09:55:16 -0300
  [1m[35m (0.6ms)[0m  [1m[34mSELECT sqlite_version(*)[0m
  [1m[36mActiveRecord::SchemaMigration Pluck (0.2ms)[0m  [1m[34mSELECT "schema_migrations"."version" FROM "schema_migrations" ORDER BY "schema_migrations"."version" ASC[0m
Processing by MarketListsController#index as HTML
  Rendering layout layouts/application.html.erb
  Rendering market_lists/index.html.erb within layouts/application
  Rendered market_lists/index.html.erb within layouts/application (Duration: 22.0ms | Allocations: 529)
  Rendered layout layouts/application.html.erb (Duration: 141.4ms | Allocations: 34131)
Completed 200 OK in 160ms (Views: 148.4ms | ActiveRecord: 0.0ms | Allocations: 39364)


Started GET "/market_lists/new" for ::1 at 2022-02-23 09:55:18 -0300
Processing by MarketListsController#new as HTML
  Rendering layout layouts/application.html.erb
  Rendering market_lists/new.html.erb within layouts/application
  Rendered market_lists/new.html.erb within layouts/application (Duration: 3.8ms | Allocations: 1906)
  Rendered layout layouts/application.html.erb (Duration: 4.6ms | Allocations: 1986)
Completed 500 Internal Server Error in 12ms (ActiveRecord: 0.0ms | Allocations: 2347)


  
ActionView::SyntaxErrorInTemplate (Encountered a syntax error while rendering template: check <h2>Nova lista</h2>

<%= form_for @market_list |f|%>
  <label>Nome</label>: <%=f.text_field :name%>
  <br/>

  <label>Data</label>: <%=f.date_field :market_date%>
  <br/>
  
  <%=f.submit%>
<%end%>
):
1:    <h2>Nova lista</h2>
2:    
3:    <%= form_for @market_list |f|%>
4:      <label>Nome</label>: <%=f.text_field :name%>
5:      <br/>
6:    
7:      <label>Data</label>: <%=f.date_field :market_date%>
8:      <br/>
9:      
10:      <%=f.submit%>
11:    <%end%>
  
app/views/market_lists/new.html.erb:3: syntax error, unexpected ')'
app/views/market_lists/new.html.erb:11: syntax error, unexpected `end', expecting ')'
app/views/market_lists/new.html.erb:13: syntax error, unexpected `end', expecting ')'
app/views/market_lists/new.html.erb:3: syntax error, unexpected ')'
app/views/market_lists/new.html.erb:11: syntax error, unexpected `end', expecting ')'
app/views/market_lists/new.html.erb:13: syntax error, unexpected `end', expecting ')'
app/views/market_lists/new.html.erb:3: syntax error, unexpected ')'
app/views/market_lists/new.html.erb:11: syntax error, unexpected `end', expecting ')'
app/views/market_lists/new.html.erb:13: syntax error, unexpected `end', expecting ')'
app/views/market_lists/new.html.erb:3: syntax error, unexpected ')'
app/views/market_lists/new.html.erb:11: syntax error, unexpected `end', expecting ')'
app/views/market_lists/new.html.erb:13: syntax error, unexpected `end', expecting ')'
app/views/market_lists/new.html.erb:3: syntax error, unexpected ')'
app/views/market_lists/new.html.erb:11: syntax error, unexpected `end', expecting ')'
app/views/market_lists/new.html.erb:13: syntax error, unexpected `end', expecting ')'
app/views/market_lists/new.html.erb:3: syntax error, unexpected ')'
app/views/market_lists/new.html.erb:11: syntax error, unexpected `end', expecting ')'
app/views/market_lists/new.html.erb:13: syntax error, unexpected `end', expecting ')'
Started GET "/market_lists/new" for ::1 at 2022-02-23 09:55:53 -0300
  [1m[35m (0.7ms)[0m  [1m[34mSELECT sqlite_version(*)[0m
  [1m[36mActiveRecord::SchemaMigration Pluck (0.3ms)[0m  [1m[34mSELECT "schema_migrations"."version" FROM "schema_migrations" ORDER BY "schema_migrations"."version" ASC[0m
Processing by MarketListsController#new as HTML
  Rendering layout layouts/application.html.erb
  Rendering market_lists/new.html.erb within layouts/application
  Rendered market_lists/new.html.erb within layouts/application (Duration: 16.4ms | Allocations: 2139)
  Rendered layout layouts/application.html.erb (Duration: 17.1ms | Allocations: 2227)
Completed 500 Internal Server Error in 51ms (ActiveRecord: 0.0ms | Allocations: 7405)


  
ActionView::Template::Error (First argument in form cannot contain nil or be empty):
    1: <h2>Nova lista</h2>
    2: 
    3: <%= form_for @market_list do |f|%>
    4:   <label>Nome</label>: <%=f.text_field :name%>
    5:   <br/>
    6: 
  
app/views/market_lists/new.html.erb:3
Started GET "/market_lists/new" for ::1 at 2022-02-23 09:56:30 -0300
Processing by MarketListsController#new as HTML
  Rendering layout layouts/application.html.erb
  Rendering market_lists/new.html.erb within layouts/application
  Rendered market_lists/new.html.erb within layouts/application (Duration: 4.7ms | Allocations: 1158)
  Rendered layout layouts/application.html.erb (Duration: 6.0ms | Allocations: 1238)
Completed 500 Internal Server Error in 17ms (ActiveRecord: 0.0ms | Allocations: 2226)


  
ActionView::Template::Error (First argument in form cannot contain nil or be empty):
    1: <h2>Nova Lista</h2>
    2: 
    3: <%= form_for @market_list do |f| %>
    4:   <label>Nome</label>: <%= f.text_field :name %>
    5:   <br />
    6:   <label>Data</label>: <%= f.date_field :market_date %>
  
app/views/market_lists/new.html.erb:3
Started GET "/market_lists/new" for ::1 at 2022-02-23 10:04:00 -0300
  [1m[35m (0.6ms)[0m  [1m[34mSELECT sqlite_version(*)[0m
  [1m[36mActiveRecord::SchemaMigration Pluck (0.1ms)[0m  [1m[34mSELECT "schema_migrations"."version" FROM "schema_migrations" ORDER BY "schema_migrations"."version" ASC[0m
Processing by MarketListsController#new as HTML
  Rendering layout layouts/application.html.erb
  Rendering market_lists/new.html.erb within layouts/application
  Rendered market_lists/new.html.erb within layouts/application (Duration: 28.7ms | Allocations: 2135)
  Rendered layout layouts/application.html.erb (Duration: 37.7ms | Allocations: 2223)
Completed 500 Internal Server Error in 60ms (ActiveRecord: 0.0ms | Allocations: 7401)


  
ActionView::Template::Error (First argument in form cannot contain nil or be empty):
    1: <h2>Nova Lista</h2>
    2: 
    3: <%= form_for @market_lists do |f| %>
    4:   <label>Nome</label>: <%= f.text_field :name %>
    5:   <br />
    6:   <label>Data</label>: <%= f.date_field :market_date %>
  
app/views/market_lists/new.html.erb:3
Started GET "/market_lists/new" for ::1 at 2022-02-23 10:08:28 -0300
Processing by MarketListsController#new as HTML
  [1m[35m (0.3ms)[0m  [1m[34mSELECT sqlite_version(*)[0m
  ↳ app/controllers/market_lists_controller.rb:7:in `new'
  Rendering layout layouts/application.html.erb
  Rendering market_lists/new.html.erb within layouts/application
  Rendered market_lists/new.html.erb within layouts/application (Duration: 17.3ms | Allocations: 4363)
  Rendered layout layouts/application.html.erb (Duration: 78.8ms | Allocations: 37608)
Completed 200 OK in 105ms (Views: 81.1ms | ActiveRecord: 3.0ms | Allocations: 44421)


Started GET "/market_lists/new" for ::1 at 2022-02-23 10:15:10 -0300
Processing by MarketListsController#new as HTML
  Rendering layout layouts/application.html.erb
  Rendering market_lists/new.html.erb within layouts/application
  Rendered market_lists/new.html.erb within layouts/application (Duration: 9.3ms | Allocations: 1237)
  Rendered layout layouts/application.html.erb (Duration: 26.2ms | Allocations: 3565)
Completed 200 OK in 38ms (Views: 32.3ms | Allocations: 4601)


Started GET "/market_lists/new" for ::1 at 2022-02-23 10:16:20 -0300
Processing by MarketListsController#new as HTML
  Rendering layout layouts/application.html.erb
  Rendering market_lists/new.html.erb within layouts/application
  Rendered market_lists/new.html.erb within layouts/application (Duration: 9.5ms | Allocations: 817)
  Rendered layout layouts/application.html.erb (Duration: 26.7ms | Allocations: 3144)
Completed 200 OK in 45ms (Views: 41.8ms | Allocations: 4172)


Started GET "/market_lists/new" for ::1 at 2022-02-23 10:17:06 -0300
Processing by MarketListsController#new as HTML
  Rendering layout layouts/application.html.erb
  Rendering market_lists/new.html.erb within layouts/application
  Rendered market_lists/new.html.erb within layouts/application (Duration: 8.2ms | Allocations: 776)
  Rendered layout layouts/application.html.erb (Duration: 24.3ms | Allocations: 3104)
Completed 200 OK in 36ms (Views: 32.1ms | Allocations: 4132)


Started GET "/market_lists/new" for ::1 at 2022-02-23 10:17:26 -0300
Processing by MarketListsController#new as HTML
  Rendering layout layouts/application.html.erb
  Rendering market_lists/new.html.erb within layouts/application
  Rendered market_lists/new.html.erb within layouts/application (Duration: 7.4ms | Allocations: 827)
  Rendered layout layouts/application.html.erb (Duration: 12.5ms | Allocations: 3155)
Completed 200 OK in 17ms (Views: 15.3ms | Allocations: 4192)


